1547740643882	geckodriver	INFO	Listening on 127.0.0.1:59175
1547740645043	geckodriver::marionette	INFO	Starting browser /usr/lib/firefox/firefox.sh with args ["-marionette"]
1547740651848	addons.webextension.screenshots@mozilla.org	WARN	Loading extension 'screenshots@mozilla.org': Reading manifest: Invalid host permission: resource://pdf.js/
1547740651848	addons.webextension.screenshots@mozilla.org	WARN	Loading extension 'screenshots@mozilla.org': Reading manifest: Invalid host permission: about:reader*
1547740652415	Marionette	DEBUG	Received observer notification profile-after-change
1547740653313	Marionette	DEBUG	Received observer notification command-line-startup
1547740653314	Marionette	DEBUG	Received observer notification nsPref:changed
1547740653314	Marionette	DEBUG	Init aborted (running=false, enabled=true, finalUIStartup=false)
1547740654997	Marionette	DEBUG	Received observer notification toplevel-window-ready
1547740658631	Marionette	DEBUG	Received observer notification sessionstore-windows-restored
1547740658631	Marionette	DEBUG	Waiting for delayed startup...
1547740658945	Marionette	DEBUG	Setting recommended pref app.normandy.api_url to 
1547740658946	Marionette	DEBUG	Setting recommended pref app.update.disabledForTesting to true
1547740658947	Marionette	DEBUG	Setting recommended pref security.turn_off_all_security_so_that_viruses_can_take_over_this_computer to true
1547740658947	Marionette	DEBUG	Setting recommended pref browser.contentblocking.introCount to 99
1547740658948	Marionette	DEBUG	Setting recommended pref browser.safebrowsing.passwords.enabled to false
1547740658948	Marionette	DEBUG	Setting recommended pref browser.urlbar.suggest.searches to false
1547740658948	Marionette	DEBUG	Setting recommended pref datareporting.policy.dataSubmissionPolicyAccepted to false
1547740658949	Marionette	DEBUG	Setting recommended pref dom.disable_beforeunload to true
1547740658949	Marionette	DEBUG	Setting recommended pref dom.file.createInChild to true
1547740658949	Marionette	DEBUG	Setting recommended pref network.http.phishy-userpass-length to 255
1547740658949	Marionette	DEBUG	Setting recommended pref toolkit.cosmeticAnimations.enabled to false
1547740659197	Marionette	INFO	Listening on port 37375
1547740659197	Marionette	DEBUG	Remote service is active
1547740659233	Marionette	DEBUG	Accepted connection 0 from 127.0.0.1:36516
1547740659240	Marionette	TRACE	0 -> [0,1,"newSession",{"acceptInsecureCerts":true,"browserName":"firefox","capabilities":{"desiredCapabilities":{"acceptInsecureCerts":true,"browserName":"firefox"}}}]
1547740659242	Marionette	TRACE	0 <- [1,1,{"error":"unknown command","message":"newSession","stacktrace":"WebDriverError@chrome://marionette/content/error.js:178: ... et@chrome://marionette/content/server.js:236:8\n_onJSONObjectReady/<@chrome://marionette/content/transport.js:490:9\n"},null]
1547740691747	Marionette	DEBUG	Closed connection 0
[Parent 5783, Gecko_IOThread] WARNING: pipe error (86): Connection reset by peer: file /build/firefox-wWf_B4/firefox-64.0+build3/ipc/chromium/src/chrome/common/ipc_channel_posix.cc, line 363
1547740692439	Marionette	DEBUG	Received observer notification xpcom-will-shutdown
1547740692439	Marionette	DEBUG	Resetting recommended pref app.normandy.api_url
1547740692439	Marionette	DEBUG	Resetting recommended pref app.update.disabledForTesting
1547740692440	Marionette	DEBUG	Resetting recommended pref security.turn_off_all_security_so_that_viruses_can_take_over_this_computer
1547740692440	Marionette	DEBUG	Resetting recommended pref browser.contentblocking.introCount
1547740692441	Marionette	DEBUG	Resetting recommended pref browser.safebrowsing.passwords.enabled
1547740692441	Marionette	DEBUG	Resetting recommended pref browser.urlbar.suggest.searches
1547740692441	Marionette	DEBUG	Resetting recommended pref datareporting.policy.dataSubmissionPolicyAccepted
1547740692442	Marionette	DEBUG	Resetting recommended pref dom.disable_beforeunload
1547740692443	Marionette	DEBUG	Resetting recommended pref dom.file.createInChild
1547740692444	Marionette	DEBUG	Resetting recommended pref network.http.phishy-userpass-length
1547740692444	Marionette	DEBUG	Resetting recommended pref toolkit.cosmeticAnimations.enabled
1547740692445	Marionette	INFO	Stopped listening on port 37375
1547740692445	Marionette	DEBUG	Remote service is inactive
